#
# A fatal error has been detected by the Java Runtime Environment:
#
#  EXCEPTION_ACCESS_VIOLATION (0xc0000005) at pc=0x0000013661e60faf, pid=20592, tid=20436
#
# JRE version: Java(TM) SE Runtime Environment (22.0+36) (build 22+36-2370)
# Java VM: Java HotSpot(TM) 64-Bit Server VM (22+36-2370, mixed mode, emulated-client, sharing, tiered, compressed oops, compressed class ptrs, g1 gc, windows-amd64)
# Problematic frame:
# v  ~BufferBlob::MethodHandles adapters 0x0000013661e60faf
#
# No core dump will be written. Minidumps are not enabled by default on client versions of Windows
#
# If you would like to submit a bug report, please visit:
#   https://bugreport.java.com/bugreport/crash.jsp
#

---------------  S U M M A R Y ------------

Command Line: -XX:+ShowCodeDetailsInExceptionMessages -agentlib:jdwp=transport=dt_socket,suspend=y,address=localhost:64935 -Dcom.sun.management.jmxremote -Dcom.sun.management.jmxremote.port=64934 -Dcom.sun.management.jmxremote.authenticate=false -Dcom.sun.management.jmxremote.ssl=false -Djava.rmi.server.hostname=localhost -Dspring.jmx.enabled=true -Dmanagement.endpoints.jmx.exposure.include=* -Dspring.application.admin.enabled=true -XX:TieredStopAtLevel=1 -Dspring.boot.project.name=registrationApi -javaagent:D:\Workspace\Tools\Eclipse\eclipse\configuration\org.eclipse.osgi\442\0\.cp\lib\javaagent-shaded.jar -Dfile.encoding=UTF-8 -Dstdout.encoding=UTF-8 -Dstderr.encoding=UTF-8 com.univates.api.RegistrationApiApplication --spring.output.ansi.enabled=always

Host: AMD Ryzen 5 5600 6-Core Processor              , 12 cores, 15G,  Windows 11 , 64 bit Build 22621 (10.0.22621.3374)
Time: Sun Apr 21 22:30:24 2024 Hora oficial do Brasil elapsed time: 903.444188 seconds (0d 0h 15m 3s)

---------------  T H R E A D  ---------------

Current thread (0x0000013647433ba0):  JavaThread "restartedMain"        [_thread_in_Java, id=20436, stack(0x000000205eb00000,0x000000205ec00000) (1024K)]

Stack: [0x000000205eb00000,0x000000205ec00000],  sp=0x000000205ebfc918,  free space=1010k
Native frames: (J=compiled Java code, j=interpreted, Vv=VM code, C=native code)
C  0x0000013661e60faf  (no source info available)

The last pc belongs to _linkToSpecial (printed below).

siginfo: EXCEPTION_ACCESS_VIOLATION (0xc0000005), reading address 0xfffffffffffffff7


Registers:
RAX=0x0000013661e390e6, RBX=0x00000007114a5220, RCX=0xfffffffffffffff7, RDX=0x0000000000000002
RSP=0x000000205ebfc918, RBP=0x000000205ebfc968, RSI=0x00000136460959e8, RDI=0x0000013645985920
R8 =0x0000000000000004, R9 =0x0000000000000004, R10=0x00007ff80a48c900, R11=0x0000013600099908
R12=0x0000000000000000, R13=0x000000205ebfc918, R14=0x000000205ebfc988, R15=0x0000013647433ba0
RIP=0x0000013661e60faf, EFLAGS=0x0000000000010246


Register to memory mapping:

RAX=0x0000013661e390e6 is at code_begin+3174 in an Interpreter codelet
return entry points  [0x0000013661e38480, 0x0000013661e3a388]  7944 bytes
RBX=0x00000007114a5220 is an oop: com.univates.api.services.RegistrationService 
{0x00000007114a5220} - klass: 'com/univates/api/services/RegistrationService'
 - ---- fields (total size 2 words):
 - private 'apiService' 'Lcom/univates/api/services/ApiService;' @12  null (0x00000000)
RCX=0xfffffffffffffff7 is an unknown value
RDX=0x0000000000000002 is an unknown value
RSP=0x000000205ebfc918 is pointing into the stack for thread: 0x0000013647433ba0
RBP=0x000000205ebfc968 is pointing into the stack for thread: 0x0000013647433ba0
RSI=0x00000136460959e8 points into unknown readable memory: 0x88004d80364434ff | ff 34 44 36 80 4d 00 88
RDI=0x0000013645985920 points into unknown readable memory: 0x0000001800000070 | 70 00 00 00 18 00 00 00
R8 =0x0000000000000004 is an unknown value
R9 =0x0000000000000004 is an unknown value
R10=0x00007ff80a48c900 jvm.dll
R11={method} {0x0000013600099910} 'newInvokeSpecial' '(Ljava/lang/Object;)Ljava/lang/Object;' in 'java/lang/invoke/DirectMethodHandle$Holder'
R12=0x0 is null
R13=0x000000205ebfc918 is pointing into the stack for thread: 0x0000013647433ba0
R14=0x000000205ebfc988 is pointing into the stack for thread: 0x0000013647433ba0
R15=0x0000013647433ba0 is a thread

Top of Stack: (sp=0x000000205ebfc918)
0x000000205ebfc918:   0000013661e390e6 fffffffffffffff7
0x000000205ebfc928:   00000136006ef9ef 0000000000000004
0x000000205ebfc938:   00000136000950d0 0000000000000000
0x000000205ebfc948:   0000000701760250 0000013600099908
0x000000205ebfc958:   fffffffffffffff6 000000205ebfc990
0x000000205ebfc968:   000000205ebfde30 00000136621c06cb
0x000000205ebfc978:   00000007114a5178 00000007114a5220
0x000000205ebfc988:   00000007114a51d8 000000205ebfde30
0x000000205ebfc998:   00000136621c5664 0000000000000000
0x000000205ebfc9a8:   0000000000000000 000000205ebfde30
0x000000205ebfc9b8:   00000136626fd90c 0000000000000000
0x000000205ebfc9c8:   0000000000000000 0000000000000000
0x000000205ebfc9d8:   0000000000000000 0000000000000000
0x000000205ebfc9e8:   0000000000000000 0000000000000000
0x000000205ebfc9f8:   0000000000000000 0000000000000000
0x000000205ebfca08:   0000000000000000 0000000701750e08
0x000000205ebfca18:   0000000702c3b8c8 00000007114a4e00
0x000000205ebfca28:   00000007114a4e00 00000007114a5208
0x000000205ebfca38:   00000007114a4f90 0000000000000000
0x000000205ebfca48:   0000000000000c00 000000205ebfde30
0x000000205ebfca58:   0000013600000000 0000000000000000
0x000000205ebfca68:   0000000000000000 00000007114a51d8
0x000000205ebfca78:   00000136621c44dc 0000000000000000
0x000000205ebfca88:   0000000000000000 0000000000000000
0x000000205ebfca98:   0000000000000000 0000013647433ba0
0x000000205ebfcaa8:   0000000000000000 00000007114a4f38
0x000000205ebfcab8:   0000000000000000 00000007114a4e00
0x000000205ebfcac8:   00000007114a5208 00000007114a4f38
0x000000205ebfcad8:   0000000000000000 0000013642f8f200
0x000000205ebfcae8:   00000136621bfbec 000000205ebfde30
0x000000205ebfcaf8:   00000136621bd64a 0000000000000000
0x000000205ebfcb08:   0000013662149809 000000205ebfde30 

Instructions: (pc=0x0000013661e60faf)
0x0000013661e60eaf:   48 c1 e3 03 8b 5b 28 48 c1 e3 03 8b 5b 24 48 c1
0x0000013661e60ebf:   e3 03 48 8b 5b 10 48 85 db 0f 84 10 00 00 00 41
0x0000013661e60ecf:   80 bf e8 05 00 00 00 74 03 ff 63 38 ff 63 50 e9
0x0000013661e60edf:   9d 16 00 00 66 66 66 0f 1f 84 00 00 00 00 00 66
0x0000013661e60eef:   0f 1f 84 00 00 00 00 00 66 0f 1f 84 00 00 00 00
0x0000013661e60eff:   00 48 8b 53 08 0f b7 52 2e 48 8b 0c d4 58 5b 50
0x0000013661e60f0f:   44 8b 51 08 49 bb 00 00 00 00 36 01 00 00 4d 03
0x0000013661e60f1f:   d3 4c 8b 5b 10 4b 8b 9c da c8 01 00 00 48 85 db
0x0000013661e60f2f:   0f 84 10 00 00 00 41 80 bf e8 05 00 00 00 74 03
0x0000013661e60f3f:   ff 63 38 ff 63 50 e9 36 16 00 00 66 66 66 0f 1f
0x0000013661e60f4f:   84 00 00 00 00 00 66 66 66 0f 1f 84 00 00 00 00
0x0000013661e60f5f:   00 58 5b 50 8b 5b 24 48 c1 e3 03 48 8b 5b 10 48
0x0000013661e60f6f:   85 db 0f 84 10 00 00 00 41 80 bf e8 05 00 00 00
0x0000013661e60f7f:   74 03 ff 63 38 ff 63 50 e9 f4 15 00 00 66 66 0f
0x0000013661e60f8f:   1f 84 00 00 00 00 00 66 66 0f 1f 84 00 00 00 00
0x0000013661e60f9f:   00 48 8b 53 08 0f b7 52 2e 48 8b 0c d4 58 5b 50
0x0000013661e60faf:   48 3b 01 8b 5b 24 48 c1 e3 03 48 8b 5b 10 48 85
0x0000013661e60fbf:   db 0f 84 10 00 00 00 41 80 bf e8 05 00 00 00 74
0x0000013661e60fcf:   03 ff 63 38 ff 63 50 e9 a5 15 00 00 0f 1f 44 00
0x0000013661e60fdf:   00 48 8b 53 08 0f b7 52 2e 48 8b 0c d4 58 5b 50
0x0000013661e60fef:   44 8b 51 08 49 bb 00 00 00 00 36 01 00 00 4d 03
0x0000013661e60fff:   d3 8b 43 18 48 c1 e0 03 48 8b 40 10 48 8b 5b 10
0x0000013661e6100f:   45 8b 9a a0 00 00 00 4f 8d 9c da c8 01 00 00 4d
0x0000013661e6101f:   8d 14 da 49 8b 1b 48 3b c3 74 15 48 85 db 0f 84
0x0000013661e6102f:   32 00 00 00 49 83 c3 10 49 8b 1b 48 3b c3 75 eb
0x0000013661e6103f:   45 8b 5b 08 4b 8b 1c 1a 48 85 db 0f 84 10 00 00
0x0000013661e6104f:   00 41 80 bf e8 05 00 00 00 74 03 ff 63 38 ff 63
0x0000013661e6105f:   50 e9 1b 15 00 00 e9 16 12 00 00 f4 00 00 00 00
0x0000013661e6106f:   00 00 00 00 00 00 00 00 00 00 00 00 00 00 00 00
0x0000013661e6107f:   00 00 00 00 00 00 00 00 00 00 00 00 00 00 00 00
0x0000013661e6108f:   00 00 00 00 00 00 00 00 00 00 00 00 00 00 00 00
0x0000013661e6109f:   00 00 00 00 00 00 00 00 00 00 00 00 00 00 00 00 


Stack slot to memory mapping:

stack at sp + 0 slots: 0x0000013661e390e6 is at code_begin+3174 in an Interpreter codelet
return entry points  [0x0000013661e38480, 0x0000013661e3a388]  7944 bytes
stack at sp + 1 slots: 0xfffffffffffffff7 is an unknown value
stack at sp + 2 slots: 0x00000136006ef9ef is pointing into metadata
stack at sp + 3 slots: 0x0000000000000004 is an unknown value
stack at sp + 4 slots: 0x00000136000950d0 is pointing into metadata
stack at sp + 5 slots: 0x0 is null
stack at sp + 6 slots: 0x0000000701760250 is an oop: java.lang.Class 
{0x0000000701760250} - klass: 'java/lang/Class'
 - ---- fields (total size 14 words):
 - private volatile transient 'classRedefinedCount' 'I' @12  0 (0x00000000)
 - injected 'klass' 'J' @16  1331440471192 (0x0000013600094c98)
 - injected 'array_klass' 'J' @24  0 (0x0000000000000000)
 - injected 'oop_size' 'I' @32  14 (0x0000000e)
 - injected 'static_oop_field_count' 'I' @36  0 (0x00000000)
 - private volatile transient 'cachedConstructor' 'Ljava/lang/reflect/Constructor;' @40  null (0x00000000)
 - private transient 'name' 'Ljava/lang/String;' @44  null (0x00000000)
 - private transient 'module' 'Ljava/lang/Module;' @48  a 'java/lang/Module'{0x0000000701741f68} (0xe02e83ed)
 - private final 'classLoader' 'Ljava/lang/ClassLoader;' @52  null (0x00000000)
 - private transient 'classData' 'Ljava/lang/Object;' @56  null (0x00000000)
 - private transient 'packageName' 'Ljava/lang/String;' @60  null (0x00000000)
 - private final 'componentType' 'Ljava/lang/Class;' @64  null (0x00000000)
 - private volatile transient 'reflectionData' 'Ljava/lang/ref/SoftReference;' @68  null (0x00000000)
 - private volatile transient 'genericInfo' 'Lsun/reflect/generics/repository/ClassRepository;' @72  null (0x00000000)
 - private volatile transient 'enumConstants' '[Ljava/lang/Object;' @76  null (0x00000000)
 - private volatile transient 'enumConstantDirectory' 'Ljava/util/Map;' @80  null (0x00000000)
 - private volatile transient 'annotationData' 'Ljava/lang/Class$AnnotationData;' @84  null (0x00000000)
 - private volatile transient 'annotationType' 'Lsun/reflect/annotation/AnnotationType;' @88  null (0x00000000)
 - transient 'classValueMap' 'Ljava/lang/ClassValue$ClassValueMap;' @92  null (0x00000000)
 - injected 'protection_domain' 'Ljava/lang/Object;' @96  null (0x00000000)
 - injected 'signers_name' 'Ljava/lang/Object;' @100  null (0x00000000)
 - injected 'source_file' 'Ljava/lang/Object;' @104  null (0x00000000)
 - signature: Ljava/lang/invoke/DirectMethodHandle$Holder;
 - ---- static fields (0):
stack at sp + 7 slots: {method} {0x0000013600099910} 'newInvokeSpecial' '(Ljava/lang/Object;)Ljava/lang/Object;' in 'java/lang/invoke/DirectMethodHandle$Holder'

MethodHandle::interpreter_entry::_linkToSpecial [0x0000013661e60f8c, 0x0000013661e60fdb] (79 bytes)
[MachCode]
  0x0000013661e60f8c: 6666 0f1f | 8400 0000 | 0000 6666 | 0f1f 8400 | 0000 0000 | 488b 5308 | 0fb7 522e | 488b 0cd4 
  0x0000013661e60fac: 585b 5048 | 3b01 8b5b | 2448 c1e3 | 0348 8b5b | 1048 85db | 0f84 1000 | 0000 4180 | bfe8 0500 
  0x0000013661e60fcc: 0000 7403 | ff63 38ff | 6350 e9a5 | 
[/MachCode]

---------------  P R O C E S S  ---------------

Threads class SMR info:
_java_thread_list=0x0000013646c94c70, length=24, elements={
0x000001366ce2aa60, 0x000001366ce2b980, 0x000001366ce2e2c0, 0x000001366ce30840,
0x000001366ce333e0, 0x000001366ce39480, 0x000001366ce42020, 0x000001364524ae20,
0x00000136452cd0a0, 0x00000136452cf740, 0x00000136452d1ef0, 0x000001364524d580,
0x000001364524b4b0, 0x000001364524c860, 0x000001364524bb40, 0x000001364524dc10,
0x000001364524c1d0, 0x000001364524e2a0, 0x00000136460362a0, 0x0000013647436300,
0x0000013647433ba0, 0x0000013647432e80, 0x0000013647431ad0, 0x000001364742f370
}

Java Threads: ( => current thread )
  0x000001366ce2aa60 JavaThread "Reference Handler"          daemon [_thread_blocked, id=1648, stack(0x000000205f400000,0x000000205f500000) (1024K)]
  0x000001366ce2b980 JavaThread "Finalizer"                  daemon [_thread_blocked, id=16588, stack(0x000000205f500000,0x000000205f600000) (1024K)]
  0x000001366ce2e2c0 JavaThread "Signal Dispatcher"          daemon [_thread_blocked, id=2536, stack(0x000000205f600000,0x000000205f700000) (1024K)]
  0x000001366ce30840 JavaThread "Attach Listener"            daemon [_thread_blocked, id=17760, stack(0x000000205f700000,0x000000205f800000) (1024K)]
  0x000001366ce333e0 JavaThread "Service Thread"             daemon [_thread_blocked, id=19908, stack(0x000000205f800000,0x000000205f900000) (1024K)]
  0x000001366ce39480 JavaThread "Monitor Deflation Thread"   daemon [_thread_blocked, id=10100, stack(0x000000205f900000,0x000000205fa00000) (1024K)]
  0x000001366ce42020 JavaThread "C1 CompilerThread0"         daemon [_thread_blocked, id=10208, stack(0x000000205fa00000,0x000000205fb00000) (1024K)]
  0x000001364524ae20 JavaThread "Common-Cleaner"             daemon [_thread_blocked, id=20744, stack(0x000000205fb00000,0x000000205fc00000) (1024K)]
  0x00000136452cd0a0 JavaThread "JDWP Transport Listener: dt_socket" daemon [_thread_blocked, id=1460, stack(0x000000205fe00000,0x000000205ff00000) (1024K)]
  0x00000136452cf740 JavaThread "JDWP Event Helper Thread"   daemon [_thread_blocked, id=17908, stack(0x000000205ff00000,0x0000002060000000) (1024K)]
  0x00000136452d1ef0 JavaThread "JDWP Command Reader"        daemon [_thread_blocked, id=6704, stack(0x0000002060000000,0x0000002060100000) (1024K)]
  0x000001364524d580 JavaThread "Notification Thread"        daemon [_thread_blocked, id=19812, stack(0x0000002060100000,0x0000002060200000) (1024K)]
  0x000001364524b4b0 JavaThread "RMI TCP Accept-0"           daemon [_thread_in_native, id=16296, stack(0x0000002060300000,0x0000002060400000) (1024K)]
  0x000001364524c860 JavaThread "RMI TCP Accept-64934"       daemon [_thread_in_native, id=17104, stack(0x0000002060400000,0x0000002060500000) (1024K)]
  0x000001364524bb40 JavaThread "RMI TCP Accept-0"           daemon [_thread_in_native, id=8644, stack(0x0000002060500000,0x0000002060600000) (1024K)]
  0x000001364524dc10 JavaThread "RMI Scheduler(0)"           daemon [_thread_blocked, id=1876, stack(0x0000002061000000,0x0000002061100000) (1024K)]
  0x000001364524c1d0 JavaThread "RMI TCP Connection(17)-127.0.0.1" daemon [_thread_in_native, id=20680, stack(0x0000002061100000,0x0000002061200000) (1024K)]
  0x000001364524e2a0 JavaThread "JMX server connection timeout 40" daemon [_thread_blocked, id=21244, stack(0x0000002061200000,0x0000002061300000) (1024K)]
  0x00000136460362a0 JavaThread "DestroyJavaVM"                     [_thread_blocked, id=19448, stack(0x000000205ec00000,0x000000205ed00000) (1024K)]
  0x0000013647436300 JavaThread "Thread-17"                         [_thread_blocked, id=11784, stack(0x000000205e900000,0x000000205ea00000) (1024K)]
=>0x0000013647433ba0 JavaThread "restartedMain"                     [_thread_in_Java, id=20436, stack(0x000000205eb00000,0x000000205ec00000) (1024K)]
  0x0000013647432e80 JavaThread "Catalina-utility-1"                [_thread_blocked, id=6648, stack(0x000000205fc00000,0x000000205fd00000) (1024K)]
  0x0000013647431ad0 JavaThread "Catalina-utility-2"                [_thread_blocked, id=20616, stack(0x000000205fd00000,0x000000205fe00000) (1024K)]
  0x000001364742f370 JavaThread "container-0"                       [_thread_blocked, id=15092, stack(0x0000002060200000,0x0000002060300000) (1024K)]
Total: 24

Other Threads:
  0x000001366ce0ccc0 VMThread "VM Thread"                           [id=11524, stack(0x000000205f300000,0x000000205f400000) (1024K)] _threads_hazard_ptr=0x0000013646c94c70
  0x000001366cdf67e0 WatcherThread "VM Periodic Task Thread"        [id=12456, stack(0x000000205f200000,0x000000205f300000) (1024K)]
  0x0000013659b64f90 WorkerThread "GC Thread#0"                     [id=18660, stack(0x000000205ed00000,0x000000205ee00000) (1024K)]
  0x0000013645aadc80 WorkerThread "GC Thread#1"                     [id=9016, stack(0x0000002060600000,0x0000002060700000) (1024K)]
  0x0000013645aad8d0 WorkerThread "GC Thread#2"                     [id=2208, stack(0x0000002060700000,0x0000002060800000) (1024K)]
  0x0000013645aaf2a0 WorkerThread "GC Thread#3"                     [id=19740, stack(0x0000002060800000,0x0000002060900000) (1024K)]
  0x0000013645aae030 WorkerThread "GC Thread#4"                     [id=18904, stack(0x0000002060900000,0x0000002060a00000) (1024K)]
  0x0000013645aae3e0 WorkerThread "GC Thread#5"                     [id=18396, stack(0x0000002060a00000,0x0000002060b00000) (1024K)]
  0x0000013645aae790 WorkerThread "GC Thread#6"                     [id=20448, stack(0x0000002060b00000,0x0000002060c00000) (1024K)]
  0x0000013645aaeb40 WorkerThread "GC Thread#7"                     [id=18924, stack(0x0000002060c00000,0x0000002060d00000) (1024K)]
  0x0000013645f9fac0 WorkerThread "GC Thread#8"                     [id=16484, stack(0x0000002060d00000,0x0000002060e00000) (1024K)]
  0x0000013645fa2700 WorkerThread "GC Thread#9"                     [id=20168, stack(0x0000002060e00000,0x0000002060f00000) (1024K)]
  0x00000136578edf80 ConcurrentGCThread "G1 Main Marker"            [id=19076, stack(0x000000205ee00000,0x000000205ef00000) (1024K)]
  0x00000136578eea90 WorkerThread "G1 Conc#0"                       [id=9848, stack(0x000000205ef00000,0x000000205f000000) (1024K)]
  0x0000013645fa2ab0 WorkerThread "G1 Conc#1"                       [id=4780, stack(0x0000002061600000,0x0000002061700000) (1024K)]
  0x0000013645fa2e60 WorkerThread "G1 Conc#2"                       [id=3864, stack(0x0000002061700000,0x0000002061800000) (1024K)]
  0x000001366ccb7620 ConcurrentGCThread "G1 Refine#0"               [id=19388, stack(0x000000205f000000,0x000000205f100000) (1024K)]
  0x000001366ccb80b0 ConcurrentGCThread "G1 Service"                [id=14596, stack(0x000000205f100000,0x000000205f200000) (1024K)]
Total: 18

Threads with active compile tasks:
Total: 0

VM state: synchronizing (normal execution)

VM Mutex/Monitor currently owned by a thread:  ([mutex/lock_event])
[0x00007ff80a47cbc8] Threads_lock - owner thread: 0x000001366ce0ccc0

Heap address: 0x0000000701600000, size: 4074 MB, Compressed Oops mode: Zero based, Oop shift amount: 3

CDS archive(s) mapped at: [0x0000013600000000-0x0000013600c60000-0x0000013600c60000), size 12976128, SharedBaseAddress: 0x0000013600000000, ArchiveRelocationMode: 1.
Compressed class space mapped at: 0x0000013601000000-0x0000013641000000, reserved size: 1073741824
Narrow klass base: 0x0000013600000000, Narrow klass shift: 0, Narrow klass range: 0x41000000

GC Precious Log:
 CardTable entry size: 512
 Card Set container configuration: InlinePtr #cards 4 size 8 Array Of Cards #cards 16 size 48 Howl #buckets 8 coarsen threshold 3686 Howl Bitmap #cards 512 size 80 coarsen threshold 460 Card regions per heap region 1 cards per card region 4096
 CPUs: 12 total, 12 available
 Memory: 16294M
 Large Page Support: Disabled
 NUMA Support: Disabled
 Compressed Oops: Enabled (Zero based)
 Heap Region Size: 2M
 Heap Min Capacity: 8M
 Heap Initial Capacity: 256M
 Heap Max Capacity: 4074M
 Pre-touch: Disabled
 Parallel Workers: 10
 Concurrent Workers: 3
 Concurrent Refinement Workers: 10
 Periodic GC: Disabled

Heap:
 garbage-first heap   total reserved 4171776K, committed 45056K, used 19153K [0x0000000701600000, 0x0000000800000000)
  region size 2048K, 4 young (8192K), 2 survivors (4096K)
 Metaspace       used 37066K, committed 37760K, reserved 1114112K
  class space    used 5156K, committed 5440K, reserved 1048576K

Heap Regions: E=young(eden), S=young(survivor), O=old, HS=humongous(starts), HC=humongous(continues), CS=collection set, F=free, TAMS=top-at-mark-start, PB=parsable bottom
|   0|0x0000000701600000, 0x00000007017ffff8, 0x0000000701800000| 99%| O|  |TAMS 0x0000000701600000| PB 0x0000000701600000| Untracked |  0
|   1|0x0000000701800000, 0x00000007019ffff8, 0x0000000701a00000| 99%| O|  |TAMS 0x0000000701800000| PB 0x0000000701800000| Untracked |  0
|   2|0x0000000701a00000, 0x0000000701bfff90, 0x0000000701c00000| 99%| O|  |TAMS 0x0000000701a00000| PB 0x0000000701a00000| Untracked |  0
|   3|0x0000000701c00000, 0x0000000701ded188, 0x0000000701e00000| 96%| O|  |TAMS 0x0000000701c00000| PB 0x0000000701c00000| Untracked |  0
|   4|0x0000000701e00000, 0x0000000702000000, 0x0000000702000000|100%| O|  |TAMS 0x0000000701e00000| PB 0x0000000701e00000| Untracked |  0
|   5|0x0000000702000000, 0x00000007021ffff8, 0x0000000702200000| 99%| O|  |TAMS 0x0000000702000000| PB 0x0000000702000000| Untracked |  0
|   6|0x0000000702200000, 0x0000000702400000, 0x0000000702400000|100%| O|  |TAMS 0x0000000702200000| PB 0x0000000702200000| Untracked |  0
|   7|0x0000000702400000, 0x0000000702467968, 0x0000000702600000| 20%| O|  |TAMS 0x0000000702400000| PB 0x0000000702400000| Untracked |  0
|   8|0x0000000702600000, 0x000000070264be20, 0x0000000702800000| 14%| O|  |TAMS 0x0000000702600000| PB 0x0000000702600000| Untracked |  0
|   9|0x0000000702800000, 0x0000000702800000, 0x0000000702a00000|  0%| F|  |TAMS 0x0000000702800000| PB 0x0000000702800000| Untracked |  0
|  10|0x0000000702a00000, 0x0000000702a13ca0, 0x0000000702c00000|  3%| S|CS|TAMS 0x0000000702a00000| PB 0x0000000702a00000| Complete |  0
|  11|0x0000000702c00000, 0x0000000702e00000, 0x0000000702e00000|100%| S|CS|TAMS 0x0000000702c00000| PB 0x0000000702c00000| Complete |  0
|  12|0x0000000702e00000, 0x0000000702e00000, 0x0000000703000000|  0%| F|  |TAMS 0x0000000702e00000| PB 0x0000000702e00000| Untracked |  0
|  13|0x0000000703000000, 0x0000000703000000, 0x0000000703200000|  0%| F|  |TAMS 0x0000000703000000| PB 0x0000000703000000| Untracked |  0
|  14|0x0000000703200000, 0x0000000703200000, 0x0000000703400000|  0%| F|  |TAMS 0x0000000703200000| PB 0x0000000703200000| Untracked |  0
|  15|0x0000000703400000, 0x0000000703400000, 0x0000000703600000|  0%| F|  |TAMS 0x0000000703400000| PB 0x0000000703400000| Untracked |  0
| 111|0x000000070f400000, 0x000000070f400000, 0x000000070f600000|  0%| F|  |TAMS 0x000000070f400000| PB 0x000000070f400000| Untracked |  0
| 112|0x000000070f600000, 0x000000070f600000, 0x000000070f800000|  0%| F|  |TAMS 0x000000070f600000| PB 0x000000070f600000| Untracked |  0
| 113|0x000000070f800000, 0x000000070f800000, 0x000000070fa00000|  0%| F|  |TAMS 0x000000070f800000| PB 0x000000070f800000| Untracked |  0
| 126|0x0000000711200000, 0x0000000711200000, 0x0000000711400000|  0%| F|  |TAMS 0x0000000711200000| PB 0x0000000711200000| Untracked |  0
| 127|0x0000000711400000, 0x00000007114f17e8, 0x0000000711600000| 47%| E|  |TAMS 0x0000000711400000| PB 0x0000000711400000| Complete |  0
|2036|0x00000007ffe00000, 0x0000000800000000, 0x0000000800000000|100%| E|CS|TAMS 0x00000007ffe00000| PB 0x00000007ffe00000| Complete |  0

Card table byte_map: [0x0000013665960000,0x0000013666160000] _byte_map_base: 0x0000013662155000

Marking Bits: (CMBitMap*) 0x0000013659b65eb0
 Bits: [0x0000013666160000, 0x000001366a108000)

Polling page: 0x00000136592b0000

Metaspace:

Usage:
  Non-class:     31.16 MB used.
      Class:      5.04 MB used.
       Both:     36.20 MB used.

Virtual space:
  Non-class space:       64.00 MB reserved,      31.56 MB ( 49%) committed,  1 nodes.
      Class space:        1.00 GB reserved,       5.31 MB ( <1%) committed,  1 nodes.
             Both:        1.06 GB reserved,      36.88 MB (  3%) committed. 

Chunk freelists:
   Non-Class:  117.00 KB
       Class:  10.61 MB
        Both:  10.73 MB

MaxMetaspaceSize: unlimited
CompressedClassSpaceSize: 1.00 GB
Initial GC threshold: 21.00 MB
Current GC threshold: 61.38 MB
CDS: on
 - commit_granule_bytes: 65536.
 - commit_granule_words: 8192.
 - virtual_space_node_default_size: 8388608.
 - enlarge_chunks_in_place: 1.
 - use_allocation_guard: 0.


Internal statistics:

num_allocs_failed_limit: 6.
num_arena_births: 1622.
num_arena_deaths: 946.
num_vsnodes_births: 2.
num_vsnodes_deaths: 0.
num_space_committed: 590.
num_space_uncommitted: 0.
num_chunks_returned_to_freelist: 1184.
num_chunks_taken_from_freelist: 3255.
num_chunk_merges: 260.
num_chunk_splits: 1819.
num_chunks_enlarged: 1206.
num_inconsistent_stats: 0.

CodeCache: size=49152Kb used=12039Kb max_used=12039Kb free=37112Kb
 bounds [0x0000013661e30000, 0x0000013662a00000, 0x0000013664e30000]
 total_blobs=6921 nmethods=6318 adapters=527
 compilation: enabled
              stopped_count=0, restarted_count=0
 full_count=0

Compilation events (20 events):
Event: 840.551 Thread 0x000001366ce42020 6383       1       jdk.internal.event.SocketReadEvent::enabled (2 bytes)
Event: 840.551 Thread 0x000001366ce42020 nmethod 6383 0x00000136629ef010 code [0x00000136629ef1a0, 0x00000136629ef248]
Event: 900.525 Thread 0x000001366ce42020 6384       1       java.nio.DirectByteBuffer::address (42 bytes)
Event: 900.525 Thread 0x000001366ce42020 nmethod 6384 0x00000136629ef310 code [0x00000136629ef500, 0x00000136629ef800]
Event: 900.526 Thread 0x000001366ce42020 6385       1       java.lang.invoke.DirectMethodHandle::afIndex (20 bytes)
Event: 900.526 Thread 0x000001366ce42020 nmethod 6385 0x00000136629ef990 code [0x00000136629efb20, 0x00000136629efbe8]
Event: 900.526 Thread 0x000001366ce42020 6386       1       java.lang.invoke.MethodHandles$Lookup::getDirectFieldCommon (67 bytes)
Event: 900.526 Thread 0x000001366ce42020 nmethod 6386 0x00000136629efc90 code [0x00000136629efe60, 0x00000136629f0130]
Event: 900.526 Thread 0x000001366ce42020 6387       1       java.lang.invoke.DirectMethodHandle::preparedFieldLambdaForm (180 bytes)
Event: 900.526 Thread 0x000001366ce42020 nmethod 6387 0x00000136629f0310 code [0x00000136629f0520, 0x00000136629f08b0]
Event: 900.526 Thread 0x000001366ce42020 6388       1       java.lang.invoke.MemberName::isVolatile (8 bytes)
Event: 900.526 Thread 0x000001366ce42020 nmethod 6388 0x00000136629f0b10 code [0x00000136629f0ca0, 0x00000136629f0d80]
Event: 900.526 Thread 0x000001366ce42020 6389       1       java.lang.reflect.Modifier::isVolatile (13 bytes)
Event: 900.526 Thread 0x000001366ce42020 nmethod 6389 0x00000136629f0e10 code [0x00000136629f0fa0, 0x00000136629f1058]
Event: 900.526 Thread 0x000001366ce42020 6390       1       java.lang.invoke.DirectMethodHandle::preparedFieldLambdaForm (48 bytes)
Event: 900.527 Thread 0x000001366ce42020 nmethod 6390 0x00000136629f1110 code [0x00000136629f12e0, 0x00000136629f1558]
Event: 900.527 Thread 0x000001366ce42020 6391       1       java.lang.invoke.DirectMethodHandle::ftypeKind (38 bytes)
Event: 900.527 Thread 0x000001366ce42020 nmethod 6391 0x00000136629f1690 code [0x00000136629f1860, 0x00000136629f1a10]
Event: 900.527 Thread 0x000001366ce42020 6392       1       java.io.ObjectStreamField::setOffset (6 bytes)
Event: 900.527 Thread 0x000001366ce42020 nmethod 6392 0x00000136629f1b10 code [0x00000136629f1ca0, 0x00000136629f1d68]

GC Heap History (20 events):
Event: 350.601 GC heap before
{Heap before GC invocations=15 (full 2):
 garbage-first heap   total reserved 4171776K, committed 45056K, used 33979K [0x0000000701600000, 0x0000000800000000)
  region size 2048K, 11 young (22528K), 0 survivors (0K)
 Metaspace       used 36940K, committed 37696K, reserved 1114112K
  class space    used 5131K, committed 5440K, reserved 1048576K
}
Event: 350.602 GC heap after
{Heap after GC invocations=16 (full 2):
 garbage-first heap   total reserved 4171776K, committed 45056K, used 16175K [0x0000000701600000, 0x0000000800000000)
  region size 2048K, 2 young (4096K), 2 survivors (4096K)
 Metaspace       used 36940K, committed 37696K, reserved 1114112K
  class space    used 5131K, committed 5440K, reserved 1048576K
}
Event: 354.759 GC heap before
{Heap before GC invocations=16 (full 2):
 garbage-first heap   total reserved 4171776K, committed 45056K, used 30511K [0x0000000701600000, 0x0000000800000000)
  region size 2048K, 10 young (20480K), 2 survivors (4096K)
 Metaspace       used 37039K, committed 37696K, reserved 1114112K
  class space    used 5157K, committed 5440K, reserved 1048576K
}
Event: 354.760 GC heap after
{Heap after GC invocations=17 (full 2):
 garbage-first heap   total reserved 4171776K, committed 45056K, used 17975K [0x0000000701600000, 0x0000000800000000)
  region size 2048K, 2 young (4096K), 2 survivors (4096K)
 Metaspace       used 37039K, committed 37696K, reserved 1114112K
  class space    used 5157K, committed 5440K, reserved 1048576K
}
Event: 396.482 GC heap before
{Heap before GC invocations=17 (full 2):
 garbage-first heap   total reserved 4171776K, committed 45056K, used 30263K [0x0000000701600000, 0x0000000800000000)
  region size 2048K, 8 young (16384K), 2 survivors (4096K)
 Metaspace       used 37043K, committed 37696K, reserved 1114112K
  class space    used 5158K, committed 5440K, reserved 1048576K
}
Event: 396.483 GC heap after
{Heap after GC invocations=18 (full 2):
 garbage-first heap   total reserved 4171776K, committed 45056K, used 18442K [0x0000000701600000, 0x0000000800000000)
  region size 2048K, 1 young (2048K), 1 survivors (2048K)
 Metaspace       used 37043K, committed 37696K, reserved 1114112K
  class space    used 5158K, committed 5440K, reserved 1048576K
}
Event: 496.326 GC heap before
{Heap before GC invocations=19 (full 2):
 garbage-first heap   total reserved 4171776K, committed 45056K, used 20490K [0x0000000701600000, 0x0000000800000000)
  region size 2048K, 4 young (8192K), 1 survivors (2048K)
 Metaspace       used 36958K, committed 37696K, reserved 1114112K
  class space    used 5133K, committed 5440K, reserved 1048576K
}
Event: 496.345 GC heap after
{Heap after GC invocations=20 (full 3):
 garbage-first heap   total reserved 4171776K, committed 45056K, used 13582K [0x0000000701600000, 0x0000000800000000)
  region size 2048K, 0 young (0K), 0 survivors (0K)
 Metaspace       used 36896K, committed 37696K, reserved 1114112K
  class space    used 5116K, committed 5440K, reserved 1048576K
}
Event: 496.512 GC heap before
{Heap before GC invocations=20 (full 3):
 garbage-first heap   total reserved 4171776K, committed 45056K, used 36110K [0x0000000701600000, 0x0000000800000000)
  region size 2048K, 11 young (22528K), 0 survivors (0K)
 Metaspace       used 37016K, committed 37696K, reserved 1114112K
  class space    used 5144K, committed 5440K, reserved 1048576K
}
Event: 496.513 GC heap after
{Heap after GC invocations=21 (full 3):
 garbage-first heap   total reserved 4171776K, committed 45056K, used 16265K [0x0000000701600000, 0x0000000800000000)
  region size 2048K, 2 young (4096K), 2 survivors (4096K)
 Metaspace       used 37016K, committed 37696K, reserved 1114112K
  class space    used 5144K, committed 5440K, reserved 1048576K
}
Event: 684.473 GC heap before
{Heap before GC invocations=21 (full 3):
 garbage-first heap   total reserved 4171776K, committed 45056K, used 32649K [0x0000000701600000, 0x0000000800000000)
  region size 2048K, 10 young (20480K), 2 survivors (4096K)
 Metaspace       used 37106K, committed 37760K, reserved 1114112K
  class space    used 5167K, committed 5440K, reserved 1048576K
}
Event: 684.474 GC heap after
{Heap after GC invocations=22 (full 3):
 garbage-first heap   total reserved 4171776K, committed 45056K, used 17899K [0x0000000701600000, 0x0000000800000000)
  region size 2048K, 2 young (4096K), 2 survivors (4096K)
 Metaspace       used 37106K, committed 37760K, reserved 1114112K
  class space    used 5167K, committed 5440K, reserved 1048576K
}
Event: 760.084 GC heap before
{Heap before GC invocations=22 (full 3):
 garbage-first heap   total reserved 4171776K, committed 45056K, used 19947K [0x0000000701600000, 0x0000000800000000)
  region size 2048K, 4 young (8192K), 2 survivors (4096K)
 Metaspace       used 37122K, committed 37760K, reserved 1114112K
  class space    used 5169K, committed 5440K, reserved 1048576K
}
Event: 760.105 GC heap after
{Heap after GC invocations=23 (full 4):
 garbage-first heap   total reserved 4171776K, committed 45056K, used 13325K [0x0000000701600000, 0x0000000800000000)
  region size 2048K, 0 young (0K), 0 survivors (0K)
 Metaspace       used 36895K, committed 37760K, reserved 1114112K
  class space    used 5115K, committed 5440K, reserved 1048576K
}
Event: 760.375 GC heap before
{Heap before GC invocations=23 (full 4):
 garbage-first heap   total reserved 4171776K, committed 45056K, used 35853K [0x0000000701600000, 0x0000000800000000)
  region size 2048K, 11 young (22528K), 0 survivors (0K)
 Metaspace       used 37016K, committed 37760K, reserved 1114112K
  class space    used 5144K, committed 5440K, reserved 1048576K
}
Event: 760.377 GC heap after
{Heap after GC invocations=24 (full 4):
 garbage-first heap   total reserved 4171776K, committed 45056K, used 16024K [0x0000000701600000, 0x0000000800000000)
  region size 2048K, 2 young (4096K), 2 survivors (4096K)
 Metaspace       used 37016K, committed 37760K, reserved 1114112K
  class space    used 5144K, committed 5440K, reserved 1048576K
}
Event: 775.055 GC heap before
{Heap before GC invocations=24 (full 4):
 garbage-first heap   total reserved 4171776K, committed 45056K, used 28312K [0x0000000701600000, 0x0000000800000000)
  region size 2048K, 9 young (18432K), 2 survivors (4096K)
 Metaspace       used 37106K, committed 37760K, reserved 1114112K
  class space    used 5167K, committed 5440K, reserved 1048576K
}
Event: 775.078 GC heap after
{Heap after GC invocations=25 (full 5):
 garbage-first heap   total reserved 4171776K, committed 45056K, used 14978K [0x0000000701600000, 0x0000000800000000)
  region size 2048K, 0 young (0K), 0 survivors (0K)
 Metaspace       used 36983K, committed 37760K, reserved 1114112K
  class space    used 5143K, committed 5440K, reserved 1048576K
}
Event: 775.218 GC heap before
{Heap before GC invocations=25 (full 5):
 garbage-first heap   total reserved 4171776K, committed 45056K, used 35458K [0x0000000701600000, 0x0000000800000000)
  region size 2048K, 10 young (20480K), 0 survivors (0K)
 Metaspace       used 37033K, committed 37760K, reserved 1114112K
  class space    used 5152K, committed 5440K, reserved 1048576K
}
Event: 775.219 GC heap after
{Heap after GC invocations=26 (full 5):
 garbage-first heap   total reserved 4171776K, committed 45056K, used 17105K [0x0000000701600000, 0x0000000800000000)
  region size 2048K, 2 young (4096K), 2 survivors (4096K)
 Metaspace       used 37033K, committed 37760K, reserved 1114112K
  class space    used 5152K, committed 5440K, reserved 1048576K
}

Dll operation events (11 events):
Event: 0.006 Loaded shared library D:\Workspace\Tools\Java\jdk-22\bin\java.dll
Event: 0.105 Loaded shared library D:\Workspace\Tools\Java\jdk-22\bin\zip.dll
Event: 0.107 Loaded shared library D:\Workspace\Tools\Java\jdk-22\bin\instrument.dll
Event: 0.110 Loaded shared library D:\Workspace\Tools\Java\jdk-22\bin\net.dll
Event: 0.110 Loaded shared library D:\Workspace\Tools\Java\jdk-22\bin\nio.dll
Event: 0.113 Loaded shared library D:\Workspace\Tools\Java\jdk-22\bin\zip.dll
Event: 0.190 Loaded shared library D:\Workspace\Tools\Java\jdk-22\bin\jimage.dll
Event: 0.218 Loaded shared library D:\Workspace\Tools\Java\jdk-22\bin\management.dll
Event: 0.224 Loaded shared library D:\Workspace\Tools\Java\jdk-22\bin\management_ext.dll
Event: 0.354 Loaded shared library D:\Workspace\Tools\Java\jdk-22\bin\extnet.dll
Event: 0.974 Loaded shared library D:\Workspace\Tools\Java\jdk-22\bin\sunmscapi.dll

Deoptimization events (20 events):
Event: 900.526 Thread 0x000001364524c1d0 DEOPT PACKING pc=0x00000136628f4614 sp=0x00000020611fd9e0
Event: 900.526 Thread 0x000001364524c1d0 DEOPT UNPACKING pc=0x0000013661e84e42 sp=0x00000020611fcf58 mode 1
Event: 900.526 Thread 0x000001364524c1d0 DEOPT PACKING pc=0x00000136628f4614 sp=0x00000020611fd9e0
Event: 900.526 Thread 0x000001364524c1d0 DEOPT UNPACKING pc=0x0000013661e84e42 sp=0x00000020611fcf58 mode 1
Event: 900.526 Thread 0x000001364524c1d0 DEOPT PACKING pc=0x00000136629769dc sp=0x00000020611fd6e0
Event: 900.526 Thread 0x000001364524c1d0 DEOPT UNPACKING pc=0x0000013661e84e42 sp=0x00000020611fcc48 mode 1
Event: 900.526 Thread 0x000001364524c1d0 DEOPT PACKING pc=0x00000136628f4614 sp=0x00000020611fd740
Event: 900.526 Thread 0x000001364524c1d0 DEOPT UNPACKING pc=0x0000013661e84e42 sp=0x00000020611fccb8 mode 1
Event: 900.526 Thread 0x000001364524c1d0 DEOPT PACKING pc=0x00000136628f4614 sp=0x00000020611fd740
Event: 900.526 Thread 0x000001364524c1d0 DEOPT UNPACKING pc=0x0000013661e84e42 sp=0x00000020611fccb8 mode 1
Event: 900.526 Thread 0x000001364524c1d0 DEOPT PACKING pc=0x00000136628f4614 sp=0x00000020611fd740
Event: 900.526 Thread 0x000001364524c1d0 DEOPT UNPACKING pc=0x0000013661e84e42 sp=0x00000020611fccb8 mode 1
Event: 900.526 Thread 0x000001364524c1d0 DEOPT PACKING pc=0x00000136628f4614 sp=0x00000020611fd740
Event: 900.526 Thread 0x000001364524c1d0 DEOPT UNPACKING pc=0x0000013661e84e42 sp=0x00000020611fccb8 mode 1
Event: 900.526 Thread 0x000001364524c1d0 DEOPT PACKING pc=0x00000136628f4614 sp=0x00000020611fd740
Event: 900.526 Thread 0x000001364524c1d0 DEOPT UNPACKING pc=0x0000013661e84e42 sp=0x00000020611fccb8 mode 1
Event: 900.526 Thread 0x000001364524c1d0 DEOPT PACKING pc=0x00000136628f4614 sp=0x00000020611fd740
Event: 900.526 Thread 0x000001364524c1d0 DEOPT UNPACKING pc=0x0000013661e84e42 sp=0x00000020611fccb8 mode 1
Event: 900.526 Thread 0x000001364524c1d0 DEOPT PACKING pc=0x00000136628f4614 sp=0x00000020611fd740
Event: 900.526 Thread 0x000001364524c1d0 DEOPT UNPACKING pc=0x0000013661e84e42 sp=0x00000020611fccb8 mode 1

Classes loaded (20 events):
Event: 140.431 Loading class java/util/stream/ReferencePipeline$4
Event: 140.431 Loading class java/util/stream/ReferencePipeline$4 done
Event: 140.431 Loading class java/util/function/IntBinaryOperator
Event: 140.431 Loading class java/util/function/IntBinaryOperator done
Event: 140.431 Loading class java/util/stream/ReduceOps$7
Event: 140.431 Loading class java/util/stream/ReduceOps$7 done
Event: 140.431 Loading class java/util/stream/ReduceOps$6ReducingSink
Event: 140.431 Loading class java/util/stream/ReduceOps$6ReducingSink done
Event: 140.431 Loading class java/util/stream/ReferencePipeline$4$1
Event: 140.431 Loading class java/util/stream/ReferencePipeline$4$1 done
Event: 140.433 Loading class java/lang/Throwable$WrappedPrintWriter
Event: 140.433 Loading class java/lang/Throwable$WrappedPrintWriter done
Event: 350.633 Loading class java/time/DurationEditor
Event: 350.633 Loading class java/time/DurationEditor done
Event: 496.541 Loading class java/time/DurationEditor
Event: 496.541 Loading class java/time/DurationEditor done
Event: 760.235 Loading class java/lang/invoke/MethodHandleImpl$CountingWrapper$1
Event: 760.235 Loading class java/lang/invoke/MethodHandleImpl$CountingWrapper$1 done
Event: 760.407 Loading class java/time/DurationEditor
Event: 760.407 Loading class java/time/DurationEditor done

Classes unloaded (20 events):
Event: 775.063 Thread 0x000001366ce0ccc0 Unloading class 0x000001360146c800 'java/lang/invoke/LambdaForm$MH+0x000001360146c800'
Event: 775.063 Thread 0x000001366ce0ccc0 Unloading class 0x00000136011bd000 'java/lang/invoke/LambdaForm$MH+0x00000136011bd000'
Event: 775.063 Thread 0x000001366ce0ccc0 Unloading class 0x0000013601131c00 'java/lang/invoke/LambdaForm$MH+0x0000013601131c00'
Event: 775.063 Thread 0x000001366ce0ccc0 Unloading class 0x000001360100a400 'java/lang/invoke/LambdaForm$MH+0x000001360100a400'
Event: 775.063 Thread 0x000001366ce0ccc0 Unloading class 0x0000013601006c00 'java/lang/invoke/LambdaForm$MH+0x0000013601006c00'
Event: 775.063 Thread 0x000001366ce0ccc0 Unloading class 0x000001360155ac00 'java/lang/invoke/LambdaForm$MH+0x000001360155ac00'
Event: 775.063 Thread 0x000001366ce0ccc0 Unloading class 0x000001360144a208 'com/univates/api/records/response/RegistrationResponseRecord'
Event: 775.063 Thread 0x000001366ce0ccc0 Unloading class 0x000001360144a000 'com/univates/api/records/request/RegistrationRecord'
Event: 775.063 Thread 0x000001366ce0ccc0 Unloading class 0x000001360143dbf0 'com/univates/api/util/RestTemplateConfig$$SpringCGLIB$$FastClass$$1'
Event: 775.063 Thread 0x000001366ce0ccc0 Unloading class 0x000001360143d970 'com/univates/api/util/RestTemplateConfig$$SpringCGLIB$$FastClass$$0'
Event: 775.063 Thread 0x000001366ce0ccc0 Unloading class 0x000001360143d738 'com/univates/api/util/RestTemplateConfig$$SpringCGLIB$$0'
Event: 775.063 Thread 0x000001366ce0ccc0 Unloading class 0x000001360143d4b8 'com/univates/api/RegistrationApiApplication$$SpringCGLIB$$FastClass$$1'
Event: 775.063 Thread 0x000001366ce0ccc0 Unloading class 0x000001360143d238 'com/univates/api/RegistrationApiApplication$$SpringCGLIB$$FastClass$$0'
Event: 775.063 Thread 0x000001366ce0ccc0 Unloading class 0x000001360143d000 'com/univates/api/RegistrationApiApplication$$SpringCGLIB$$0'
Event: 775.063 Thread 0x000001366ce0ccc0 Unloading class 0x0000013601448440 'com/univates/api/util/RestTemplateConfig'
Event: 775.063 Thread 0x000001366ce0ccc0 Unloading class 0x0000013601448218 'com/univates/api/services/RegistrationService'
Event: 775.063 Thread 0x000001366ce0ccc0 Unloading class 0x0000013601448000 'com/univates/api/services/ApiService'
Event: 775.063 Thread 0x000001366ce0ccc0 Unloading class 0x000001360140d430 'com/univates/api/security/Authenticator'
Event: 775.063 Thread 0x000001366ce0ccc0 Unloading class 0x000001360140d208 'com/univates/api/controllers/RegistrationController'
Event: 775.063 Thread 0x000001366ce0ccc0 Unloading class 0x000001360140d000 'com/univates/api/RegistrationApiApplication'

Classes redefined (4 events):
Event: 821.859 Thread 0x000001366ce0ccc0 redefined class name=com.univates.api.controllers.RegistrationController, count=1
Event: 821.859 Thread 0x000001366ce0ccc0 redefined class name=com.univates.api.controllers.RegistrationController, count=1
Event: 821.859 Thread 0x000001366ce0ccc0 redefined class name=com.univates.api.controllers.RegistrationController, count=1
Event: 821.859 Thread 0x000001366ce0ccc0 redefined class name=com.univates.api.controllers.RegistrationController, count=1

Internal exceptions (20 events):
Event: 496.529 Thread 0x0000013647434f50 Exception <a 'java/io/FileNotFoundException'{0x0000000711493580}> (0x0000000711493580) 
thrown [s\open\src\hotspot\share\prims\jni.cpp, line 520]
Event: 496.582 Thread 0x0000013647434f50 Exception <a 'java/net/BindException'{0x000000070f439398}: Address already in use: bind> (0x000000070f439398) 
thrown [s\open\src\hotspot\share\prims\jni.cpp, line 539]
Event: 600.526 Thread 0x000001364524c1d0 Exception <a 'java/lang/NoSuchMethodError'{0x0000000703213ed8}: static [B.<clinit>()V> (0x0000000703213ed8) 
thrown [s\open\src\hotspot\share\prims\jni.cpp, line 1111]
Event: 760.084 Thread 0x0000013647431440 Exception <a 'java/lang/InterruptedException'{0x0000000711469748}: sleep interrupted> (0x0000000711469748) 
thrown [s\open\src\hotspot\share\prims\jvm.cpp, line 3093]
Event: 760.114 Thread 0x000001364742f370 Exception <a 'sun/nio/fs/WindowsException'{0x00000007ffe91940}> (0x00000007ffe91940) 
thrown [s\open\src\hotspot\share\prims\jni.cpp, line 520]
Event: 760.237 Thread 0x000001364742f370 Exception <a 'java/lang/NoClassDefFoundError'{0x0000000702e968d8}: org/flywaydb/core/Flyway> (0x0000000702e968d8) 
thrown [s\open\src\hotspot\share\oops\constantPool.cpp, line 870]
Event: 760.356 Thread 0x000001364742f370 Exception <a 'java/lang/NoClassDefFoundError'{0x0000000702e96f38}: liquibase/integration/spring/SpringLiquibase> (0x0000000702e96f38) 
thrown [s\open\src\hotspot\share\oops\constantPool.cpp, line 870]
Event: 760.361 Thread 0x000001364742f370 Exception <a 'java/lang/NoSuchMethodError'{0x0000000702f38b88}: 'void java.lang.invoke.DelegatingMethodHandle$Holder.reinvoke_L(java.lang.Object, java.lang.Object, int)'> (0x0000000702f38b88) 
thrown [s\open\src\hotspot\share\interpreter\linkResolver.cpp, line 774]
Event: 760.382 Thread 0x000001364742f370 Exception <a 'java/lang/NoSuchMethodError'{0x00000007fff54520}: 'int java.lang.invoke.DirectMethodHandle$Holder.invokeVirtual(java.lang.Object, java.lang.Object, java.lang.Object, java.lang.Object)'> (0x00000007fff54520) 
thrown [s\open\src\hotspot\share\interpreter\linkResolver.cpp, line 774]
Event: 760.382 Thread 0x000001364742f370 Exception <a 'java/lang/NoSuchMethodError'{0x00000007fff57b08}: 'int java.lang.invoke.DelegatingMethodHandle$Holder.reinvoke_L(java.lang.Object, java.lang.Object, java.lang.Object, java.lang.Object)'> (0x00000007fff57b08) 
thrown [s\open\src\hotspot\share\interpreter\linkResolver.cpp, line 774]
Event: 760.387 Thread 0x000001364742f370 Exception <a 'java/io/FileNotFoundException'{0x00000007fffa0e38}> (0x00000007fffa0e38) 
thrown [s\open\src\hotspot\share\prims\jni.cpp, line 520]
Event: 760.395 Thread 0x000001364742f370 Exception <a 'java/io/FileNotFoundException'{0x0000000711473790}> (0x0000000711473790) 
thrown [s\open\src\hotspot\share\prims\jni.cpp, line 520]
Event: 760.449 Thread 0x000001364742f370 Exception <a 'java/net/BindException'{0x000000070f40c820}: Address already in use: bind> (0x000000070f40c820) 
thrown [s\open\src\hotspot\share\prims\jni.cpp, line 539]
Event: 775.055 Thread 0x0000013647433510 Exception <a 'java/lang/InterruptedException'{0x0000000703439bb0}: sleep interrupted> (0x0000000703439bb0) 
thrown [s\open\src\hotspot\share\prims\jvm.cpp, line 3093]
Event: 775.085 Thread 0x0000013647433ba0 Exception <a 'sun/nio/fs/WindowsException'{0x00000007ffe64320}> (0x00000007ffe64320) 
thrown [s\open\src\hotspot\share\prims\jni.cpp, line 520]
Event: 775.206 Thread 0x0000013647433ba0 Exception <a 'java/lang/NoClassDefFoundError'{0x0000000703194ca8}: org/flywaydb/core/Flyway> (0x0000000703194ca8) 
thrown [s\open\src\hotspot\share\oops\constantPool.cpp, line 870]
Event: 775.206 Thread 0x0000013647433ba0 Exception <a 'java/lang/NoClassDefFoundError'{0x0000000703195308}: liquibase/integration/spring/SpringLiquibase> (0x0000000703195308) 
thrown [s\open\src\hotspot\share\oops\constantPool.cpp, line 870]
Event: 775.229 Thread 0x0000013647433ba0 Exception <a 'java/io/FileNotFoundException'{0x00000007fff8fa80}> (0x00000007fff8fa80) 
thrown [s\open\src\hotspot\share\prims\jni.cpp, line 520]
Event: 775.234 Thread 0x0000013647433ba0 Exception <a 'java/io/FileNotFoundException'{0x0000000711459808}> (0x0000000711459808) 
thrown [s\open\src\hotspot\share\prims\jni.cpp, line 520]
Event: 900.527 Thread 0x000001364524c1d0 Exception <a 'java/lang/NoSuchMethodError'{0x00000007114ecf30}: static [B.<clinit>()V> (0x00000007114ecf30) 
thrown [s\open\src\hotspot\share\prims\jni.cpp, line 1111]

ZGC Phase Switch (0 events):
No events

VM Operations (20 events):
Event: 880.073 Executing VM operation: get/set locals
Event: 880.073 Executing VM operation: get/set locals done
Event: 880.073 Executing VM operation: get/set locals
Event: 880.073 Executing VM operation: get/set locals done
Event: 880.073 Executing VM operation: get/set locals
Event: 880.073 Executing VM operation: get/set locals done
Event: 880.074 Executing VM operation: get/set locals
Event: 880.074 Executing VM operation: get/set locals done
Event: 880.074 Executing VM operation: get/set locals
Event: 880.074 Executing VM operation: get/set locals done
Event: 880.074 Executing VM operation: get/set locals
Event: 880.074 Executing VM operation: get/set locals done
Event: 880.074 Executing VM operation: get/set locals
Event: 880.074 Executing VM operation: get/set locals done
Event: 880.075 Executing VM operation: get/set locals
Event: 880.075 Executing VM operation: get/set locals done
Event: 880.075 Executing VM operation: get/set locals
Event: 880.075 Executing VM operation: get/set locals done
Event: 880.075 Executing VM operation: get/set locals
Event: 880.075 Executing VM operation: get/set locals done

Events (20 events):
Event: 775.053 Thread 0x0000013647434230 Thread exited: 0x0000013647434230
Event: 775.053 Thread 0x0000013647430720 Thread exited: 0x0000013647430720
Event: 775.053 Thread 0x00000136474348c0 Thread exited: 0x00000136474348c0
Event: 775.053 Thread 0x0000013647435c70 Thread exited: 0x0000013647435c70
Event: 775.053 Thread 0x00000136474355e0 Thread exited: 0x00000136474355e0
Event: 775.053 Thread 0x0000013647431ad0 Thread exited: 0x0000013647431ad0
Event: 775.053 Thread 0x000001364742fa00 Thread exited: 0x000001364742fa00
Event: 775.053 Thread 0x0000013647436990 Thread exited: 0x0000013647436990
Event: 775.053 Thread 0x0000013647430090 Thread exited: 0x0000013647430090
Event: 775.055 Thread 0x0000013647433510 Thread exited: 0x0000013647433510
Event: 775.055 Thread 0x0000013647431440 Thread exited: 0x0000013647431440
Event: 775.055 Thread 0x0000013647430db0 Thread exited: 0x0000013647430db0
Event: 775.078 Thread 0x0000013647433510 Thread added: 0x0000013647433510
Event: 775.079 Thread 0x0000013647433510 Thread exited: 0x0000013647433510
Event: 775.079 Thread 0x0000013647433ba0 Thread added: 0x0000013647433ba0
Event: 775.108 Thread 0x0000013647430090 Thread added: 0x0000013647430090
Event: 775.130 Thread 0x0000013647430090 Thread exited: 0x0000013647430090
Event: 775.235 Thread 0x0000013647432e80 Thread added: 0x0000013647432e80
Event: 775.235 Thread 0x0000013647431ad0 Thread added: 0x0000013647431ad0
Event: 775.235 Thread 0x000001364742f370 Thread added: 0x000001364742f370


Dynamic libraries:
0x00007ff630350000 - 0x00007ff630360000 	D:\Workspace\Tools\Java\jdk-22\bin\javaw.exe
0x00007ff87d750000 - 0x00007ff87d966000 	C:\Windows\SYSTEM32\ntdll.dll
0x00007ff87c370000 - 0x00007ff87c434000 	C:\Windows\System32\KERNEL32.DLL
0x00007ff87aaa0000 - 0x00007ff87ae47000 	C:\Windows\System32\KERNELBASE.dll
0x00007ff87b360000 - 0x00007ff87b471000 	C:\Windows\System32\ucrtbase.dll
0x00007ff807de0000 - 0x00007ff807dfb000 	D:\Workspace\Tools\Java\jdk-22\bin\VCRUNTIME140.dll
0x00007ff807e00000 - 0x00007ff807e17000 	D:\Workspace\Tools\Java\jdk-22\bin\jli.dll
0x00007ff87ba50000 - 0x00007ff87bb02000 	C:\Windows\System32\ADVAPI32.dll
0x00007ff87c9e0000 - 0x00007ff87ca87000 	C:\Windows\System32\msvcrt.dll
0x00007ff87ce20000 - 0x00007ff87cec8000 	C:\Windows\System32\sechost.dll
0x00007ff87aa70000 - 0x00007ff87aa98000 	C:\Windows\System32\bcrypt.dll
0x00007ff87b640000 - 0x00007ff87b755000 	C:\Windows\System32\RPCRT4.dll
0x00007ff87b770000 - 0x00007ff87b91e000 	C:\Windows\System32\USER32.dll
0x00007ff87b1c0000 - 0x00007ff87b1e6000 	C:\Windows\System32\win32u.dll
0x00007ff86f1b0000 - 0x00007ff86f443000 	C:\Windows\WinSxS\amd64_microsoft.windows.common-controls_6595b64144ccf1df_6.0.22621.3235_none_270f74e173860f98\COMCTL32.dll
0x00007ff87ced0000 - 0x00007ff87cef9000 	C:\Windows\System32\GDI32.dll
0x00007ff87b020000 - 0x00007ff87b139000 	C:\Windows\System32\gdi32full.dll
0x00007ff87af80000 - 0x00007ff87b01a000 	C:\Windows\System32\msvcp_win.dll
0x00007ff8744a0000 - 0x00007ff8744aa000 	C:\Windows\SYSTEM32\VERSION.dll
0x00007ff87cf20000 - 0x00007ff87cf51000 	C:\Windows\System32\IMM32.DLL
0x00007ff807dd0000 - 0x00007ff807ddc000 	D:\Workspace\Tools\Java\jdk-22\bin\vcruntime140_1.dll
0x00007ff805db0000 - 0x00007ff805e3e000 	D:\Workspace\Tools\Java\jdk-22\bin\msvcp140.dll
0x00007ff809810000 - 0x00007ff80a558000 	D:\Workspace\Tools\Java\jdk-22\bin\server\jvm.dll
0x00007ff87c960000 - 0x00007ff87c9d1000 	C:\Windows\System32\WS2_32.dll
0x00007ff879910000 - 0x00007ff87995d000 	C:\Windows\SYSTEM32\POWRPROF.dll
0x00007ff86fec0000 - 0x00007ff86fef4000 	C:\Windows\SYSTEM32\WINMM.dll
0x00007ff8798f0000 - 0x00007ff879903000 	C:\Windows\SYSTEM32\UMPDC.dll
0x00007ff879ba0000 - 0x00007ff879bb8000 	C:\Windows\SYSTEM32\kernel.appcore.dll
0x00007ff85b050000 - 0x00007ff85b05a000 	D:\Workspace\Tools\Java\jdk-22\bin\jimage.dll
0x00007ff878270000 - 0x00007ff8784a3000 	C:\Windows\SYSTEM32\DBGHELP.DLL
0x00007ff87c5d0000 - 0x00007ff87c958000 	C:\Windows\System32\combase.dll
0x00007ff87d560000 - 0x00007ff87d637000 	C:\Windows\System32\OLEAUT32.dll
0x00007ff84d120000 - 0x00007ff84d152000 	C:\Windows\SYSTEM32\dbgcore.DLL
0x00007ff87b140000 - 0x00007ff87b1b9000 	C:\Windows\System32\bcryptPrimitives.dll
0x00007ff86dda0000 - 0x00007ff86dddc000 	D:\Workspace\Tools\Java\jdk-22\bin\jdwp.dll
0x00007ff8777a0000 - 0x00007ff8777af000 	D:\Workspace\Tools\Java\jdk-22\bin\instrument.dll
0x00007ff8097f0000 - 0x00007ff80980e000 	D:\Workspace\Tools\Java\jdk-22\bin\java.dll
0x00007ff87bb10000 - 0x00007ff87c36c000 	C:\Windows\System32\SHELL32.dll
0x00007ff87b480000 - 0x00007ff87b625000 	C:\Windows\System32\ole32.dll
0x00007ff8789e0000 - 0x00007ff8792d9000 	C:\Windows\SYSTEM32\windows.storage.dll
0x00007ff8788a0000 - 0x00007ff8789de000 	C:\Windows\SYSTEM32\wintypes.dll
0x00007ff87c440000 - 0x00007ff87c533000 	C:\Windows\System32\SHCORE.dll
0x00007ff87d6b0000 - 0x00007ff87d70e000 	C:\Windows\System32\shlwapi.dll
0x00007ff87a9a0000 - 0x00007ff87a9c1000 	C:\Windows\SYSTEM32\profapi.dll
0x00007ff877790000 - 0x00007ff87779c000 	D:\Workspace\Tools\Java\jdk-22\bin\dt_socket.dll
0x00007ff8795b0000 - 0x00007ff8795dd000 	C:\Windows\SYSTEM32\IPHLPAPI.DLL
0x00007ff87a010000 - 0x00007ff87a079000 	C:\Windows\system32\mswsock.dll
0x00007ff879620000 - 0x00007ff879719000 	C:\Windows\SYSTEM32\DNSAPI.dll
0x00007ff87caa0000 - 0x00007ff87caa9000 	C:\Windows\System32\NSI.dll
0x00007ff86d970000 - 0x00007ff86d97a000 	C:\Windows\System32\rasadhlp.dll
0x00007ff8744b0000 - 0x00007ff874533000 	C:\Windows\System32\fwpuclnt.dll
0x00007ff809620000 - 0x00007ff809637000 	D:\Workspace\Tools\Java\jdk-22\bin\zip.dll
0x00007ff809700000 - 0x00007ff809710000 	D:\Workspace\Tools\Java\jdk-22\bin\net.dll
0x00007ff8085d0000 - 0x00007ff8085e6000 	D:\Workspace\Tools\Java\jdk-22\bin\nio.dll
0x00007ff8061b0000 - 0x00007ff8061ba000 	D:\Workspace\Tools\Java\jdk-22\bin\management.dll
0x00007ff8061a0000 - 0x00007ff8061ab000 	D:\Workspace\Tools\Java\jdk-22\bin\management_ext.dll
0x00007ff87b630000 - 0x00007ff87b638000 	C:\Windows\System32\PSAPI.DLL
0x00007ff8472f0000 - 0x00007ff847307000 	C:\Windows\system32\napinsp.dll
0x00007ff843ee0000 - 0x00007ff843efb000 	C:\Windows\system32\pnrpnsp.dll
0x00007ff843ec0000 - 0x00007ff843ed1000 	C:\Windows\System32\winrnr.dll
0x00007ff85b070000 - 0x00007ff85b085000 	C:\Windows\system32\wshbth.dll
0x00007ff843e90000 - 0x00007ff843eb1000 	C:\Windows\system32\nlansp_c.dll
0x00007ff87a270000 - 0x00007ff87a28b000 	C:\Windows\SYSTEM32\CRYPTSP.dll
0x00007ff879b00000 - 0x00007ff879b35000 	C:\Windows\system32\rsaenh.dll
0x00007ff87a110000 - 0x00007ff87a138000 	C:\Windows\SYSTEM32\USERENV.dll
0x00007ff87a290000 - 0x00007ff87a29c000 	C:\Windows\SYSTEM32\CRYPTBASE.dll
0x00007ff807db0000 - 0x00007ff807db9000 	D:\Workspace\Tools\Java\jdk-22\bin\extnet.dll
0x00007ff805fe0000 - 0x00007ff805fee000 	D:\Workspace\Tools\Java\jdk-22\bin\sunmscapi.dll
0x00007ff87b1f0000 - 0x00007ff87b357000 	C:\Windows\System32\CRYPT32.dll
0x00007ff87a430000 - 0x00007ff87a45e000 	C:\Windows\SYSTEM32\ncrypt.dll
0x00007ff87a3f0000 - 0x00007ff87a427000 	C:\Windows\SYSTEM32\NTASN1.dll
0x00007ff81b760000 - 0x00007ff81b768000 	C:\Windows\system32\wshunix.dll

dbghelp: loaded successfully - version: 4.0.5 - missing functions: none
symbol engine: initialized successfully - sym options: 0x614 - pdb path: .;D:\Workspace\Tools\Java\jdk-22\bin;C:\Windows\SYSTEM32;C:\Windows\WinSxS\amd64_microsoft.windows.common-controls_6595b64144ccf1df_6.0.22621.3235_none_270f74e173860f98;D:\Workspace\Tools\Java\jdk-22\bin\server

VM Arguments:
jvm_args: -XX:+ShowCodeDetailsInExceptionMessages -agentlib:jdwp=transport=dt_socket,suspend=y,address=localhost:64935 -Dcom.sun.management.jmxremote -Dcom.sun.management.jmxremote.port=64934 -Dcom.sun.management.jmxremote.authenticate=false -Dcom.sun.management.jmxremote.ssl=false -Djava.rmi.server.hostname=localhost -Dspring.jmx.enabled=true -Dmanagement.endpoints.jmx.exposure.include=* -Dspring.application.admin.enabled=true -XX:TieredStopAtLevel=1 -Dspring.boot.project.name=registrationApi -javaagent:D:\Workspace\Tools\Eclipse\eclipse\configuration\org.eclipse.osgi\442\0\.cp\lib\javaagent-shaded.jar -Dfile.encoding=UTF-8 -Dstdout.encoding=UTF-8 -Dstderr.encoding=UTF-8 
java_command: com.univates.api.RegistrationApiApplication --spring.output.ansi.enabled=always
java_class_path (initial): D:\Workspace\Projects\EclipseProjects\registrationApi\target\classes;C:\Users\efver\.m2\repository\org\springframework\security\spring-security-core\6.2.4\spring-security-core-6.2.4.jar;C:\Users\efver\.m2\repository\org\springframework\security\spring-security-crypto\6.2.4\spring-security-crypto-6.2.4.jar;C:\Users\efver\.m2\repository\org\springframework\spring-aop\6.1.6\spring-aop-6.1.6.jar;C:\Users\efver\.m2\repository\org\springframework\spring-beans\6.1.6\spring-beans-6.1.6.jar;C:\Users\efver\.m2\repository\org\springframework\spring-context\6.1.6\spring-context-6.1.6.jar;C:\Users\efver\.m2\repository\org\springframework\spring-core\6.1.6\spring-core-6.1.6.jar;C:\Users\efver\.m2\repository\org\springframework\spring-jcl\6.1.6\spring-jcl-6.1.6.jar;C:\Users\efver\.m2\repository\org\springframework\spring-expression\6.1.6\spring-expression-6.1.6.jar;C:\Users\efver\.m2\repository\io\micrometer\micrometer-observation\1.12.5\micrometer-observation-1.12.5.jar;C:\Users\efver\.m2\repository\io\micrometer\micrometer-commons\1.12.5\micrometer-commons-1.12.5.jar;C:\Users\efver\.m2\repository\org\springframework\boot\spring-boot-starter-validation\3.2.5\spring-boot-starter-validation-3.2.5.jar;C:\Users\efver\.m2\repository\org\springframework\boot\spring-boot-starter\3.2.5\spring-boot-starter-3.2.5.jar;C:\Users\efver\.m2\repository\org\springframework\boot\spring-boot-starter-logging\3.2.5\spring-boot-starter-logging-3.2.5.jar;C:\Users\efver\.m2\repository\ch\qos\logback\logback-classic\1.4.14\logback-classic-1.4.14.jar;C:\Users\efver\.m2\repository\ch\qos\logback\logback-core\1.4.14\logback-core-1.4.14.jar;C:\Users\efver\.m2\repository\org\apache\logging\log4j\log4j-to-slf4j\2.21.1\log4j-to-slf4j-2.21.1.jar;C:\Users\efver\.m2\repository\org\apache\logging\log4j\log4j-api\2.21.1\log4j-api-2.21.1.jar;C:\Users\efver\.m2\repository\org\slf4j\jul-to-slf4j\2.0.13\jul-to-slf4j-2.0.13.jar;C:\Users\efver\.m2\repository\jakarta\annotation\jakarta.annotation-api\2.1.1\jakarta.annotation-api-2.1.1.jar;C:\Users\efver\.m2\repository\org\yaml\snakeyaml\2.2\snakeyaml-2.2.jar;C:\Users\efver\.m2\repository\org\apache\tomcat\embed\tomcat-embed-el\10.1.20\tomcat-embed-el-10.1.20.jar;C:\Users\efver\.m2\repository\org\hibernate\validator\hibernate-validator\8.0.1.Final\hibernate-validator-8.0.1.Final.jar;C:\Users\efver\.m2\repository\jakarta\validation\jakarta.validation-api\3.0.2\jakarta.validation-api-3.0.2.jar;C:\Users\efver\.m2\repository\org\jboss\logging\jboss-logging\3.5.3.Final\jboss-logging-3.5.3.Final.jar;C:\Users\efver\.m2\repository\com\fasterxml\classmate\1.6.0\classmate-1.6.0.jar;C:\Users\efver\.m2\repository\org\springframework\boot\spring-boot-starter-web\3.2.5\spring-boot-starter-web-3.2.5.jar;C:\Users\efver\.m2\repository\org\springframework\boot\spring-boot-starter-json\3.2.5\spring-boot-starter-json-3.2.5.jar;C:\Users\efver\.m2\repository\com\fasterxml\jackson\core\jackson-databind\2.15.4\jackson-databind-2.15.4.jar;C:\Users\efver\.m2\repository\com\fasterxml\jackson\core\jackson-annotations\2.15.4\jackson-annotations-2.15.4.jar;C:\Users\efver\.m2\repository\com\fasterxml\jackson\core\jackson-core\2.15.4\jackson-core-2.15.4.jar;C:\Users\efver\.m2\repository\com\fasterxml\jackson\datatype\jackson-datatype-jdk8\2.15.4\jackson-datatype-jdk8-2.15.4.jar;C:\Users\efver\.m2\repository\com\fasterxml\jackson\datatype\jackson-datatype-jsr310\2.15.4\jackson-datatype-jsr310-2.15.4.jar;C:\Users\efver\.m2\repository\com\fasterxml\jackson\module\jackson-module-parameter-names\2.15.4\jackson-module-parameter-names-2.15.4.jar;C:\Users\efver\.m2\repository\org\springframework\boot\spring-boot-starter-tomcat\3.2.5\spring-boot-starter-tomcat-3.2.5.jar;C:\Users\efver\.m2\repository\org\apache\tomcat\embed\tomcat-embed-core\10.1.20\tomcat-embed-core-10.1.20.jar;C:\Users\efver\.m2\repository\org\apache\tomcat\embed\tomcat-embed-websocket\10.1.20\tomcat-embed-websocket-10.1.20.jar;C:\Users\efver\.m2\repository\org\springframework\spring-web\6.1.6\spring-web-6.1.6.jar;C:\Users\efver\.m2\repository\org\springframework\spring-webmvc\6.1.6\spring-webmvc-6.1.6.jar;C:\Users\efver\.m2\repository\org\springframework\boot\spring-boot-devtools\3.2.5\spring-boot-devtools-3.2.5.jar;C:\Users\efver\.m2\repository\org\springframework\boot\spring-boot\3.2.5\spring-boot-3.2.5.jar;C:\Users\efver\.m2\repository\org\springframework\boot\spring-boot-autoconfigure\3.2.5\spring-boot-autoconfigure-3.2.5.jar;C:\Users\efver\.m2\repository\org\slf4j\slf4j-api\2.0.13\slf4j-api-2.0.13.jar
Launcher Type: SUN_STANDARD

[Global flags]
     intx CICompilerCount                          = 4                                         {product} {ergonomic}
     uint ConcGCThreads                            = 3                                         {product} {ergonomic}
     uint G1ConcRefinementThreads                  = 10                                        {product} {ergonomic}
   size_t G1HeapRegionSize                         = 2097152                                   {product} {ergonomic}
   size_t InitialHeapSize                          = 268435456                                 {product} {ergonomic}
     bool ManagementServer                         = true                                      {product} {command line}
   size_t MarkStackSize                            = 4194304                                   {product} {ergonomic}
   size_t MaxHeapSize                              = 4271898624                                {product} {ergonomic}
   size_t MaxNewSize                               = 2562719744                                {product} {ergonomic}
   size_t MinHeapDeltaBytes                        = 2097152                                   {product} {ergonomic}
   size_t MinHeapSize                              = 8388608                                   {product} {ergonomic}
    uintx NonNMethodCodeHeapSize                   = 4096                                   {pd product} {ergonomic}
    uintx NonProfiledCodeHeapSize                  = 0                                      {pd product} {ergonomic}
     bool ProfileInterpreter                       = false                                  {pd product} {command line}
    uintx ProfiledCodeHeapSize                     = 0                                      {pd product} {ergonomic}
     bool ShowCodeDetailsInExceptionMessages       = true                                   {manageable} {command line}
   size_t SoftMaxHeapSize                          = 4271898624                             {manageable} {ergonomic}
     intx TieredStopAtLevel                        = 1                                         {product} {command line}
     bool UseCompressedOops                        = true                           {product lp64_product} {ergonomic}
     bool UseG1GC                                  = true                                      {product} {ergonomic}
     bool UseLargePagesIndividualAllocation        = false                                  {pd product} {ergonomic}

Logging:
Log output configuration:
 #0: stdout all=warning uptime,level,tags foldmultilines=false
 #1: stderr all=off uptime,level,tags foldmultilines=false

Environment Variables:
JAVA_HOME=D:\Workspace\Tools\Java\jdk-22
PATH=D:/Workspace/Tools/Java/jdk-22/bin/server;D:/Workspace/Tools/Java/jdk-22/bin;C:\Program Files (x86)\Razer Chroma SDK\bin;C:\Program Files\Razer Chroma SDK\bin;C:\Windows\system32;C:\Windows;C:\Windows\System32\Wbem;C:\Windows\System32\WindowsPowerShell\v1.0\;C:\Windows\System32\OpenSSH\;C:\Program Files\dotnet\;C:\Program Files\NVIDIA Corporation\NVIDIA App\NvDLISR;C:\Program Files (x86)\NVIDIA Corporation\PhysX\Common;C:\Users\efver\AppData\Local\Microsoft\WindowsApps;D:\Workspace\Tools\Java\jdk-22\bin;C:\Users\efver\AppData\Local\Microsoft\WindowsApps;D:\Workspace\Tools\Microsoft VS Code\bin;C:\Users\efver\AppData\Local\GitHubDesktop\bin;D:\Workspace\Tools\IntelliJ IDEA 2024.1\bin;;D:\Workspace\Tools\MySQL\MySQL Server 8.3\bin;;C:\Users\efver\OneDrive\rea de Trabalho;
USERNAME=efver
OS=Windows_NT
PROCESSOR_IDENTIFIER=AMD64 Family 25 Model 33 Stepping 2, AuthenticAMD
TMP=C:\Users\efver\AppData\Local\Temp
TEMP=C:\Users\efver\AppData\Local\Temp




Periodic native trim disabled

---------------  S Y S T E M  ---------------

OS:
 Windows 11 , 64 bit Build 22621 (10.0.22621.3374)
OS uptime: 0 days 5:51 hours

CPU: total 12 (initial active 12) (12 cores per cpu, 2 threads per core) family 25 model 33 stepping 2 microcode 0x0, cx8, cmov, fxsr, ht, mmx, 3dnowpref, sse, sse2, sse3, ssse3, sse4a, sse4.1, sse4.2, popcnt, lzcnt, tsc, tscinvbit, avx, avx2, aes, erms, clmul, bmi1, bmi2, adx, sha, fma, vzeroupper, clflush, clflushopt, rdtscp, rdpid, fsrm, f16c, pku, cet_ss
Processor Information for all 12 processors :
  Max Mhz: 3501, Current Mhz: 3501, Mhz Limit: 3501

Memory: 4k page, system-wide physical 16294M (4964M free)
TotalPageFile size 30118M (AvailPageFile size 11579M)
current process WorkingSet (physical memory assigned to process): 158M, peak: 158M
current process commit charge ("private bytes"): 199M, peak: 384M

vm_info: Java HotSpot(TM) 64-Bit Server VM (22+36-2370) for windows-amd64 JRE (22+36-2370), built on 2024-02-15T22:15:19Z by "mach5one" with MS VC++ 17.6 (VS2022)

END.
